http://p.maimob.cn/index.php/Out/index/action/MMDXS?status=DELIVRD&spid=14572&mobile=15274304822&linkid=69dee83f4a6df64e788bfadba9f8bcd9&msg=yinxunJ7hI6MAPG9&port=17014&fee=400&province=%E6%B9%96%E5%8D%97
http://p.maimob.cn/index.php/Out/index/action/MMDXS?status=DELIVRD&spid=14572&mobile=15891958488&linkid=c0fae6c44d693c12b9e65406d3f46886&msg=yinxuncJVQWAUby1&port=17014&fee=400&province=%E4%BA%91%E5%8D%97
http://p.maimob.cn/index.php/Out/index/action/MMDXS?status=DELIVRD&spid=14572&mobile=15074507206&linkid=17131695872d5940ed845fb0e33653bb&msg=yinxunlWwfslMlSq&port=17014&fee=400&province=%E6%B9%96%E5%8D%97
http://p.maimob.cn/index.php/Out/index/action/MMDXS?status=DELIVRD&spid=14572&mobile=15291534577&linkid=05d754b83291c062bf4b647b26c5b7f3&msg=yinxunphkMabiVxW&port=17014&fee=400&province=%E9%99%95%E8%A5%BF
http://p.maimob.cn/index.php/Out/index/action/MMDXS?status=DELIVRD&spid=14572&mobile=13887115413&linkid=6f79978ed7124e8564edaaa4a746ca15&msg=yinxunh136NMsfO4&port=17014&fee=400&province=%E4%BA%91%E5%8D%97
http://p.maimob.cn/index.php/Out/index/action/MMDXS?status=DELIVRD&spid=14572&mobile=15273167369&linkid=da2e5f3b42759fe2f853d56657547873&msg=yinxunVryXLQx1ey&port=17014&fee=400&province=%E6%B9%96%E5%8D%97
http://p.maimob.cn/index.php/Out/index/action/MMDXS?status=DELIVRD&spid=14572&mobile=15096019838&linkid=e13f86079ac7146c0bd76f33ba762d6c&msg=yinxunbO1qQlqXSk&port=17014&fee=400&province=%E6%B9%96%E5%8D%97
http://p.maimob.cn/index.php/Out/index/action/MMDXS?status=DELIVRD&spid=14572&mobile=15769639603&linkid=af2dc27e661e628937b9e0713e1221c5&msg=yinxunfftV6lC9gh&port=17014&fee=400&province=%E5%AE%81%E5%A4%8F
http://p.maimob.cn/index.php/Out/index/action/MMDXS?status=DELIVRD&spid=14572&mobile=13797775992&linkid=8652254522ca45185eff405013953c33&msg=yinxunevDcEsscWE&port=17014&fee=400&province=%E6%B9%96%E5%8C%97
http://p.maimob.cn/index.php/Out/index/action/MMDXS?status=DELIVRD&spid=14572&mobile=15198567692&linkid=64ef24f7e1bed504adf8824c645b25bb&msg=yinxunohOamtab14&port=17014&fee=400&province=%E4%BA%91%E5%8D%97
http://p.maimob.cn/index.php/Out/index/action/MMDXS?status=DELIVRD&spid=14572&mobile=18374385216&linkid=b50fa1f2342b544d08f006ba10632c7a&msg=yinxunhmhi0JwGS9&port=17014&fee=400&province=%E6%B9%96%E5%8D%97
http://p.maimob.cn/index.php/Out/index/action/MMDXS?status=DELIVRD&spid=14572&mobile=18708048211&linkid=07a7d9eae597858fd5cf5530a1d9e256&msg=yinxunt5JCA2scnG&port=17014&fee=400&province=%E8%A5%BF%E8%97%8F
http://p.maimob.cn/index.php/Out/index/action/MMDXS?status=DELIVRD&spid=14572&mobile=13886753342&linkid=887b28a6ac41fa87703f40f50ce8aac7&msg=yinxunYSSFUKKblo&port=17014&fee=400&province=%E6%B9%96%E5%8C%97
http://p.maimob.cn/index.php/Out/index/action/MMDXS?status=DELIVRD&spid=14572&mobile=15115827163&linkid=2a3dc490bd5fe25081984e0156d73191&msg=yinxun4EwzQRsqwB&port=17014&fee=400&province=%E6%B9%96%E5%8D%97
http://p.maimob.cn/index.php/Out/index/action/MMDXS?status=DELIVRD&spid=14572&mobile=15091490553&linkid=a072d490139689a54a3f27e1f6e9b487&msg=yinxunQjC0sdcxUr&port=17014&fee=400&province=%E9%99%95%E8%A5%BF
http://p.maimob.cn/index.php/Out/index/action/MMDXS?status=DELIVRD&spid=14572&mobile=13409179965&linkid=fea4165625687f42e7c8eca51da0ba30&msg=yinxunSArlxzTDYZ&port=17014&fee=400&province=%E9%99%95%E8%A5%BF
http://p.maimob.cn/index.php/Out/index/action/MMDXS?status=DELIVRD&spid=14572&mobile=18473993343&linkid=33644215ae7840fa0ae8deaa74af54e2&msg=yinxunC92LKj9Vap&port=17014&fee=400&province=%E6%B9%96%E5%8D%97
http://p.maimob.cn/index.php/Out/index/action/MMDXS?status=DELIVRD&spid=14572&mobile=15897998289&linkid=8ad254457bfd1e759dff0ffa35236147&msg=yinxunty9Cx61oFE&port=17014&fee=400&province=%E6%B9%96%E5%8C%97
http://p.maimob.cn/index.php/Out/index/action/MMDXS?status=DELIVRD&spid=14572&mobile=13709540845&linkid=25f4eadb3467153adb4d180d8b652958&msg=yinxunLhXAyxqcOK&port=17014&fee=400&province=%E5%AE%81%E5%A4%8F
http://p.maimob.cn/index.php/Out/index/action/MMDXS?status=DELIVRD&spid=14572&mobile=13709185584&linkid=4afd7feb259289cf60798f261bef70de&msg=yinxun3XJHwgel4H&port=17014&fee=400&province=%E9%99%95%E8%A5%BF
http://p.maimob.cn/index.php/Out/index/action/MMDXS?status=DELIVRD&spid=14572&mobile=13629124932&linkid=5c774a209c241aa82ec5dbb7c283d932&msg=yinxun8Y6qHEmkvo&port=17014&fee=400&province=%E9%99%95%E8%A5%BF
http://p.maimob.cn/index.php/Out/index/action/MMDXS?status=DELIVRD&spid=14572&mobile=13797507778&linkid=3ccf1aade18b9fc041bde01c7a36ef82&msg=yinxunV8eZFKjdaU&port=17014&fee=400&province=%E6%B9%96%E5%8C%97
http://p.maimob.cn/index.php/Out/index/action/MMDXS?status=DELIVRD&spid=14572&mobile=15873947086&linkid=dfc5659dedb1a7924d15820fe9a836df&msg=yinxunKkFt5H7X1r&port=17014&fee=400&province=%E6%B9%96%E5%8D%97
http://p.maimob.cn/index.php/Out/index/action/MMDXS?status=DELIVRD&spid=14572&mobile=15091490553&linkid=a072d490139689a54a3f27e1f6e9b487&msg=yinxunQjC0sdcxUr&port=17014&fee=400&province=%E9%99%95%E8%A5%BF
http://p.maimob.cn/index.php/Out/index/action/MMDXS?status=DELIVRD&spid=14572&mobile=15091490553&linkid=a072d490139689a54a3f27e1f6e9b487&msg=yinxunQjC0sdcxUr&port=17014&fee=400&province=%E9%99%95%E8%A5%BF
http://p.maimob.cn/index.php/Out/index/action/MMDXS?status=DELIVRD&spid=14572&mobile=15091490553&linkid=a072d490139689a54a3f27e1f6e9b487&msg=yinxunQjC0sdcxUr&port=17014&fee=400&province=%E9%99%95%E8%A5%BF
http://p.maimob.cn/index.php/Out/index/action/MMDXS?status=DELIVRD&spid=14571&mobile=18840430788&linkid=aee049ee92e727983eb6151a03674024&msg=yinxun5TQhAS0VLB&port=17016&fee=600&province=%E9%99%95%E8%A5%BF
http://p.maimob.cn/index.php/Out/index/action/MMDXS?status=DELIVRD&spid=14571&mobile=13992021774&linkid=8327a15b11d167666a75adaf73682ad1&msg=yinxun77e8gdiSGa&port=17016&fee=600&province=%E9%99%95%E8%A5%BF
http://p.maimob.cn/index.php/Out/index/action/MMDXS?status=DELIVRD&spid=14571&mobile=15291534577&linkid=e31a1c38de3b376f68a25c34e3afee90&msg=yinxunN8iIrfF4b3&port=17016&fee=600&province=%E9%99%95%E8%A5%BF
http://p.maimob.cn/index.php/Out/index/action/MMDXS?status=DELIVRD&spid=14571&mobile=13986170155&linkid=69a4516fe222ef8ca43dbea6606a9be7&msg=yinxuneEwhxjpayq&port=17016&fee=600&province=%E6%B9%96%E5%8C%97
http://p.maimob.cn/index.php/Out/index/action/MMDXS?status=DELIVRD&spid=14571&mobile=18871286792&linkid=51e0ca69e0fc38538129ab75afa30215&msg=yinxun8YUuimDlMi&port=17016&fee=600&province=%E6%B9%96%E5%8C%97
http://p.maimob.cn/index.php/Out/index/action/MMDXS?status=DELIVRD&spid=14571&mobile=13467366366&linkid=7d92179e956a129ff2340260e324fc70&msg=yinxunnNZUCzllMn&port=17016&fee=600&province=%E6%B9%96%E5%8D%97
http://p.maimob.cn/index.php/Out/index/action/MMDXS?status=DELIVRD&spid=14571&mobile=18291539394&linkid=825e3a13ca78fc51266d319c41d36c0f&msg=yinxun77S6Srzx38&port=17016&fee=600&province=%E9%99%95%E8%A5%BF
http://p.maimob.cn/index.php/Out/index/action/MMDXS?status=DELIVRD&spid=14571&mobile=13607294846&linkid=6a7e66a2b5d2d9a52533449a5723e1d5&msg=yinxunyfvDXyRlA9&port=17016&fee=600&province=%E6%B9%96%E5%8C%97
http://p.maimob.cn/index.php/Out/index/action/MMDXS?status=DELIVRD&spid=14571&mobile=13669215873&linkid=4463046618fa22f45df8165465fbd01e&msg=yinxunsO7HindOgZ&port=17016&fee=600&province=%E9%99%95%E8%A5%BF
http://p.maimob.cn/index.php/Out/index/action/MMDXS?status=DELIVRD&spid=14571&mobile=15760992735&linkid=f3fa36d02641790b6aca96fd82c9d283&msg=yinxunqefsYfJzAV&port=17016&fee=600&province=%E9%99%95%E8%A5%BF
http://p.maimob.cn/index.php/Out/index/action/MMDXS?status=DELIVRD&spid=14571&mobile=13907399812&linkid=be055b96b6e868685d25fcfd6fedac48&msg=yinxunatkoR3p5Q7&port=17016&fee=600&province=%E6%B9%96%E5%8D%97
http://p.maimob.cn/index.php/Out/index/action/MMDXS?status=DELIVRD&spid=14571&mobile=18755594958&linkid=a8dd09c5c8a5acf6b16ab61b27017dae&msg=yinxunbVilEMSqw9&port=17016&fee=600&province=%E5%AE%89%E5%BE%BD
http://p.maimob.cn/index.php/Out/index/action/MMDXS?status=DELIVRD&spid=14571&mobile=15115131859&linkid=521a54f8c688790252312ac85f008c59&msg=yinxun3uYeU9zjf3&port=17016&fee=600&province=%E6%B9%96%E5%8D%97
http://p.maimob.cn/index.php/Out/index/action/MMDXS?status=DELIVRD&spid=14571&mobile=18773975505&linkid=50ac2c866210e2c3958ffedc8a579432&msg=yinxunuz4CzHEJbV&port=17016&fee=600&province=%E6%B9%96%E5%8D%97
http://p.maimob.cn/index.php/Out/index/action/MMDXS?status=DELIVRD&spid=14571&mobile=15155544416&linkid=154aa294ceb57cc38c84c88ac7a00e7c&msg=yinxunrcU6AuoGfN&port=17016&fee=600&province=%E5%AE%89%E5%BE%BD
http://p.maimob.cn/index.php/Out/index/action/MMDXS?status=DELIVRD&spid=14571&mobile=15874905939&linkid=c691c47312ac49d5902f8e9ddc166648&msg=yinxunC9C52aYcWr&port=17016&fee=600&province=%E6%B9%96%E5%8D%97
http://p.maimob.cn/index.php/Out/index/action/MMDXS?status=DELIVRD&spid=14570&mobile=18855205651&linkid=18150cb72d7605e42ea7c6ee37f62b47&msg=yinxunmgA7SuZYzl&port=17018&fee=800&province=%E5%AE%89%E5%BE%BD
http://p.maimob.cn/index.php/Out/index/action/MMDXS?status=DELIVRD&spid=14570&mobile=15187484977&linkid=dab1a8481410d3bcc3faae767b8015ee&msg=yinxunkfYayNAyia&port=17018&fee=800&province=%E4%BA%91%E5%8D%97
http://p.maimob.cn/index.php/Out/index/action/MMDXS?status=DELIVRD&spid=14570&mobile=13975680373&linkid=c9f7b01b1c3162aa08248e7c5a3754ce&msg=yinxun1iyGzAd249&port=17018&fee=800&province=%E6%B9%96%E5%8D%97
http://p.maimob.cn/index.php/Out/index/action/MMDXS?status=DELIVRD&spid=14570&mobile=18717690059&linkid=a8073c965704d369bc7b800d8c9299bc&msg=yinxunE9Si2KuVt5&port=17018&fee=800&province=%E9%99%95%E8%A5%BF
http://p.maimob.cn/index.php/Out/index/action/MMDXS?status=DELIVRD&spid=14570&mobile=15886582736&linkid=ce996fda8afd99724b1d49f4fc778994&msg=yinxunpZxQg8EwsO&port=17018&fee=800&province=%E6%B9%96%E5%8D%97
http://p.maimob.cn/index.php/Out/index/action/MMDXS?status=DELIVRD&spid=14570&mobile=15291534577&linkid=ef4ceb401099d4baa71d94a164995548&msg=yinxunZP0ZRgZzmQ&port=17018&fee=800&province=%E9%99%95%E8%A5%BF
http://p.maimob.cn/index.php/Out/index/action/MMDXS?status=DELIVRD&spid=14570&mobile=13500525068&linkid=567f58693727312f1dbd14ee8fe73e7c&msg=yinxunRPVDfgzNJf&port=17018&fee=800&province=%E5%AE%89%E5%BE%BD
http://p.maimob.cn/index.php/Out/index/action/MMDXS?status=DELIVRD&spid=14570&mobile=15116678906&linkid=a2d86b762d5a548dee34b89512c5ed32&msg=yinxunjgRIkU3UDV&port=17018&fee=800&province=%E6%B9%96%E5%8D%97
http://p.maimob.cn/index.php/Out/index/action/MMDXS?status=DELIVRD&spid=14570&mobile=15091490553&linkid=0b5e1ab25c21115dba7724f6508fdd45&msg=yinxunCxKWG1hziD&port=17018&fee=800&province=%E9%99%95%E8%A5%BF
http://p.maimob.cn/index.php/Out/index/action/MMDXS?status=DELIVRD&spid=14570&mobile=15289209755&linkid=ff4f717e86d5f8b7765ffd3bfa4bec23&msg=yinxunfmrRy1KloF&port=17018&fee=800&province=%E9%99%95%E8%A5%BF
http://p.maimob.cn/index.php/Out/index/action/MMDXS?status=DELIVRD&spid=14570&mobile=18795240027&linkid=1f05538446d953722c5fad111866bade&msg=yinxunGu8aeNEedU&port=17018&fee=800&province=%E5%AE%81%E5%A4%8F
http://p.maimob.cn/index.php/Out/index/action/MMDXS?status=DELIVRD&spid=14570&mobile=13488440234&linkid=62033a3374f745ddc43e7be867c7d459&msg=yinxunThq5j6Xilm&port=17018&fee=800&province=%E9%99%95%E8%A5%BF
http://p.maimob.cn/index.php/Out/index/action/MMDXS?status=DELIVRD&spid=14570&mobile=18391320932&linkid=023ce9cf0fff724139e3eb4b75ebe640&msg=yinxunZJWqyziAe0&port=17018&fee=800&province=%E9%99%95%E8%A5%BF
http://p.maimob.cn/index.php/Out/index/action/MMDXS?status=DELIVRD&spid=14570&mobile=13787999177&linkid=b502568c9a210b9616e5cd6e3792ee34&msg=yinxunAuJlCoqPsb&port=17018&fee=800&province=%E6%B9%96%E5%8D%97
http://p.maimob.cn/index.php/Out/index/action/MMDXS?status=DELIVRD&spid=14570&mobile=15121997864&linkid=f915c356d768d986b4c57daa119b3d6d&msg=yinxunODH12Kuzx8&port=17018&fee=800&province=%E5%AE%81%E5%A4%8F
http://p.maimob.cn/index.php/Out/index/action/MMDXS?status=DELIVRD&spid=14570&mobile=18771609287&linkid=5491bfd1910e4f182a73a5e1917915ff&msg=yinxunZ2mEBCITMg&port=17018&fee=800&province=%E6%B9%96%E5%8C%97
http://p.maimob.cn/index.php/Out/index/action/MMDXS?status=DELIVRD&spid=14570&mobile=15929843111&linkid=f5ec106a257e3411ebb6680baf5605fa&msg=yinxunfMjdkIJSqw&port=17018&fee=800&province=%E9%99%95%E8%A5%BF
http://p.maimob.cn/index.php/Out/index/action/MMDXS?status=DELIVRD&spid=14570&mobile=15211208276&linkid=3f6e7c03050cf67982fe6b434869db46&msg=yinxunGlaOHexzv5&port=17018&fee=800&province=%E6%B9%96%E5%8D%97
http://p.maimob.cn/index.php/Out/index/action/MMDXS?status=DELIVRD&spid=14570&mobile=18711157997&linkid=980e40f0b083b80c78ef41382b99b02e&msg=yinxunswBlYrXNf2&port=17018&fee=800&province=%E6%B9%96%E5%8D%97
http://p.maimob.cn/index.php/Out/index/action/MMDXS?status=DELIVRD&spid=14570&mobile=15773909911&linkid=dbcc03e4f7a85e1f84c9843e963a975c&msg=yinxunTaMdELsNYi&port=17018&fee=800&province=%E6%B9%96%E5%8D%97
http://p.maimob.cn/index.php/Out/index/action/MMDXS?status=DELIVRD&spid=14570&mobile=18390115306&linkid=feb82b594745890f7f9d25f3b38f0315&msg=yinxunkMChO8ZmfN&port=17018&fee=800&province=%E6%B9%96%E5%8D%97
http://p.maimob.cn/index.php/Out/index/action/MMDXS?status=DELIVRD&spid=14570&mobile=15874227921&linkid=01f9da80811f1009770f93f7917a169d&msg=yinxun6zZ9RVf8MH&port=17018&fee=800&province=%E6%B9%96%E5%8D%97
http://p.maimob.cn/index.php/Out/index/action/MMDXS?status=DELIVRD&spid=14570&mobile=13514939153&linkid=d22a193c52f238fb7015fc4b20a8a2f7&msg=yinxunq2rfTE5KaV&port=17018&fee=800&province=%E5%AE%89%E5%BE%BD
http://p.maimob.cn/index.php/Out/index/action/MMDXS?status=DELIVRD&spid=14570&mobile=15826744256&linkid=2e327c2d8d37ad2510729d2caa873521&msg=yinxunuxMWHs0YM2&port=17018&fee=800&province=%E6%B9%96%E5%8C%97
http://p.maimob.cn/index.php/Out/index/action/MMDXS?status=DELIVRD&spid=14570&mobile=13581206524&linkid=5ee89e8c7cf98fb17b466850f9fa013e&msg=yinxunJ0ekDHP0Zl&port=17018&fee=800&province=%E6%B9%96%E5%8C%97
http://p.maimob.cn/index.php/Out/index/action/MMDXS?status=DELIVRD&spid=14570&mobile=14789626010&linkid=c1ad02143693ac30c96d164309e88653&msg=yinxunTBNHTZ0FR3&port=17018&fee=800&province=%E6%B9%96%E5%8D%97
http://p.maimob.cn/index.php/Out/index/action/MMDXS?status=DELIVRD&spid=14570&mobile=18874203772&linkid=a259f09835226864c82e872d2cb1b6ed&msg=yinxunyn0bbBg5wJ&port=17018&fee=800&province=%E6%B9%96%E5%8D%97
http://p.maimob.cn/index.php/Out/index/action/MMDXS?status=DELIVRD&spid=14570&mobile=15807421461&linkid=c3034b37b9c5c88f4ccc059fdf24eee1&msg=yinxunGh97B1O60a&port=17018&fee=800&province=%E6%B9%96%E5%8D%97
http://p.maimob.cn/index.php/Out/index/action/MMDXS?status=DELIVRD&spid=14570&mobile=13487378111&linkid=80648875d9682286f00e5df338c3daab&msg=yinxunVlHlNzJF84&port=17018&fee=800&province=%E6%B9%96%E5%8D%97
http://p.maimob.cn/index.php/Out/index/action/MMDXS?status=DELIVRD&spid=14570&mobile=13762544253&linkid=2bad848bd89045db2d520d723f7bbbf1&msg=yinxunsnBm9dHrBQ&port=17018&fee=800&province=%E6%B9%96%E5%8D%97
http://p.maimob.cn/index.php/Out/index/action/MMDXS?status=DELIVRD&spid=14570&mobile=18755971965&linkid=057b87d7d517640b92b6df7817bddc25&msg=yinxun7QdNuP76vm&port=17018&fee=800&province=%E5%AE%89%E5%BE%BD
